<?xml version="1.0" encoding="UTF-8"?>
<testsuite xmlns:xsi="http://www.w3.org/2001/XMLSchema-instance" xsi:noNamespaceSchemaLocation="https://maven.apache.org/surefire/maven-surefire-plugin/xsd/surefire-test-report.xsd" name="com.stepdefinitions.TestRunner" time="15.408" tests="0" errors="0" skipped="0" failures="0">
  <properties>
    <property name="java.specification.version" value="21"/>
    <property name="sun.cpu.isalist" value="amd64"/>
    <property name="sun.jnu.encoding" value="Cp1252"/>
    <property name="java.class.path" value="D:\Java-Selenium\Work-Holiday-Pass\target\test-classes;D:\Java-Selenium\Work-Holiday-Pass\target\classes;C:\Users\chien\.m2\repository\org\apache\maven\maven-plugin-api\4.0.0-rc-2\maven-plugin-api-4.0.0-rc-2.jar;C:\Users\chien\.m2\repository\org\apache\maven\maven-api-xml\4.0.0-rc-2\maven-api-xml-4.0.0-rc-2.jar;C:\Users\chien\.m2\repository\org\apache\maven\maven-api-annotations\4.0.0-rc-2\maven-api-annotations-4.0.0-rc-2.jar;C:\Users\chien\.m2\repository\org\apache\maven\maven-api-plugin\4.0.0-rc-2\maven-api-plugin-4.0.0-rc-2.jar;C:\Users\chien\.m2\repository\org\apache\maven\maven-xml\4.0.0-rc-2\maven-xml-4.0.0-rc-2.jar;C:\Users\chien\.m2\repository\org\apache\maven\maven-model\4.0.0-rc-2\maven-model-4.0.0-rc-2.jar;C:\Users\chien\.m2\repository\org\apache\maven\maven-api-model\4.0.0-rc-2\maven-api-model-4.0.0-rc-2.jar;C:\Users\chien\.m2\repository\org\apache\maven\maven-impl\4.0.0-rc-2\maven-impl-4.0.0-rc-2.jar;C:\Users\chien\.m2\repository\org\apache\maven\maven-api-core\4.0.0-rc-2\maven-api-core-4.0.0-rc-2.jar;C:\Users\chien\.m2\repository\org\apache\maven\maven-api-spi\4.0.0-rc-2\maven-api-spi-4.0.0-rc-2.jar;C:\Users\chien\.m2\repository\org\apache\maven\maven-api-metadata\4.0.0-rc-2\maven-api-metadata-4.0.0-rc-2.jar;C:\Users\chien\.m2\repository\org\apache\maven\maven-api-toolchain\4.0.0-rc-2\maven-api-toolchain-4.0.0-rc-2.jar;C:\Users\chien\.m2\repository\org\apache\maven\maven-api-di\4.0.0-rc-2\maven-api-di-4.0.0-rc-2.jar;C:\Users\chien\.m2\repository\org\apache\maven\maven-api-settings\4.0.0-rc-2\maven-api-settings-4.0.0-rc-2.jar;C:\Users\chien\.m2\repository\org\apache\maven\maven-di\4.0.0-rc-2\maven-di-4.0.0-rc-2.jar;C:\Users\chien\.m2\repository\org\apache\maven\resolver\maven-resolver-spi\2.0.5\maven-resolver-spi-2.0.5.jar;C:\Users\chien\.m2\repository\org\apache\maven\resolver\maven-resolver-util\2.0.5\maven-resolver-util-2.0.5.jar;C:\Users\chien\.m2\repository\org\apache\maven\resolver\maven-resolver-impl\2.0.5\maven-resolver-impl-2.0.5.jar;C:\Users\chien\.m2\repository\org\apache\maven\resolver\maven-resolver-named-locks\2.0.5\maven-resolver-named-locks-2.0.5.jar;C:\Users\chien\.m2\repository\org\codehaus\plexus\plexus-sec-dispatcher\4.0.3\plexus-sec-dispatcher-4.0.3.jar;C:\Users\chien\.m2\repository\org\codehaus\plexus\plexus-xml\4.0.4\plexus-xml-4.0.4.jar;C:\Users\chien\.m2\repository\org\apache\maven\maven-xml-impl\4.0.0-alpha-9\maven-xml-impl-4.0.0-alpha-9.jar;C:\Users\chien\.m2\repository\org\apache\maven\maven-artifact\4.0.0-rc-2\maven-artifact-4.0.0-rc-2.jar;C:\Users\chien\.m2\repository\com\fasterxml\woodstox\woodstox-core\7.1.0\woodstox-core-7.1.0.jar;C:\Users\chien\.m2\repository\org\codehaus\woodstox\stax2-api\4.2.2\stax2-api-4.2.2.jar;C:\Users\chien\.m2\repository\org\eclipse\sisu\org.eclipse.sisu.plexus\0.9.0.M3\org.eclipse.sisu.plexus-0.9.0.M3.jar;C:\Users\chien\.m2\repository\org\codehaus\plexus\plexus-classworlds\2.8.0\plexus-classworlds-2.8.0.jar;C:\Users\chien\.m2\repository\org\apache\maven\resolver\maven-resolver-api\2.0.5\maven-resolver-api-2.0.5.jar;C:\Users\chien\.m2\repository\org\apache\maven\plugin-tools\maven-plugin-annotations\4.0.0-beta-1\maven-plugin-annotations-4.0.0-beta-1.jar;C:\Users\chien\.m2\repository\org\apache\commons\commons-collections4\4.5.0-M3\commons-collections4-4.5.0-M3.jar;C:\Users\chien\.m2\repository\org\codehaus\plexus\plexus-utils\4.0.2\plexus-utils-4.0.2.jar;C:\Users\chien\.m2\repository\org\hamcrest\hamcrest-all\1.3\hamcrest-all-1.3.jar;C:\Users\chien\.m2\repository\io\qameta\allure\allure-java-commons\2.29.1\allure-java-commons-2.29.1.jar;C:\Users\chien\.m2\repository\org\slf4j\slf4j-api\2.0.13\slf4j-api-2.0.13.jar;C:\Users\chien\.m2\repository\io\qameta\allure\allure-model\2.29.1\allure-model-2.29.1.jar;C:\Users\chien\.m2\repository\io\qameta\allure\allure-cucumber7-jvm\2.29.1\allure-cucumber7-jvm-2.29.1.jar;C:\Users\chien\.m2\repository\io\cucumber\gherkin\21.0.0\gherkin-21.0.0.jar;C:\Users\chien\.m2\repository\io\cucumber\messages\17.1.1\messages-17.1.1.jar;C:\Users\chien\.m2\repository\io\cucumber\cucumber-gherkin\7.1.0\cucumber-gherkin-7.1.0.jar;C:\Users\chien\.m2\repository\io\cucumber\cucumber-junit\7.1.0\cucumber-junit-7.1.0.jar;C:\Users\chien\.m2\repository\org\apiguardian\apiguardian-api\1.1.2\apiguardian-api-1.1.2.jar;C:\Users\chien\.m2\repository\junit\junit\4.13.2\junit-4.13.2.jar;C:\Users\chien\.m2\repository\org\hamcrest\hamcrest-core\1.3\hamcrest-core-1.3.jar;C:\Users\chien\.m2\repository\io\cucumber\cucumber-java\7.1.0\cucumber-java-7.1.0.jar;C:\Users\chien\.m2\repository\io\cucumber\cucumber-testng\7.1.0\cucumber-testng-7.1.0.jar;C:\Users\chien\.m2\repository\org\testng\testng\7.7.0\testng-7.7.0.jar;C:\Users\chien\.m2\repository\com\beust\jcommander\1.82\jcommander-1.82.jar;C:\Users\chien\.m2\repository\org\webjars\jquery\3.6.1\jquery-3.6.1.jar;C:\Users\chien\.m2\repository\net\masterthought\maven-cucumber-reporting\5.8.5\maven-cucumber-reporting-5.8.5.jar;C:\Users\chien\.m2\repository\net\masterthought\cucumber-reporting\5.8.4\cucumber-reporting-5.8.4.jar;C:\Users\chien\.m2\repository\com\fasterxml\jackson\core\jackson-databind\2.18.1\jackson-databind-2.18.1.jar;C:\Users\chien\.m2\repository\com\fasterxml\jackson\core\jackson-annotations\2.18.1\jackson-annotations-2.18.1.jar;C:\Users\chien\.m2\repository\com\fasterxml\jackson\core\jackson-core\2.18.1\jackson-core-2.18.1.jar;C:\Users\chien\.m2\repository\com\fasterxml\jackson\datatype\jackson-datatype-jsr310\2.18.1\jackson-datatype-jsr310-2.18.1.jar;C:\Users\chien\.m2\repository\org\apache\velocity\velocity-engine-core\2.4.1\velocity-engine-core-2.4.1.jar;C:\Users\chien\.m2\repository\joda-time\joda-time\2.13.0\joda-time-2.13.0.jar;C:\Users\chien\.m2\repository\org\apache\commons\commons-configuration2\2.11.0\commons-configuration2-2.11.0.jar;C:\Users\chien\.m2\repository\org\apache\commons\commons-lang3\3.17.0\commons-lang3-3.17.0.jar;C:\Users\chien\.m2\repository\commons-io\commons-io\2.17.0\commons-io-2.17.0.jar;C:\Users\chien\.m2\repository\org\apache\commons\commons-text\1.12.0\commons-text-1.12.0.jar;C:\Users\chien\.m2\repository\org\jsoup\jsoup\1.18.1\jsoup-1.18.1.jar;C:\Users\chien\.m2\repository\com\googlecode\owasp-java-html-sanitizer\owasp-java-html-sanitizer\20240325.1\owasp-java-html-sanitizer-20240325.1.jar;C:\Users\chien\.m2\repository\com\googlecode\owasp-java-html-sanitizer\java8-shim\20240325.1\java8-shim-20240325.1.jar;C:\Users\chien\.m2\repository\com\googlecode\owasp-java-html-sanitizer\java10-shim\20240325.1\java10-shim-20240325.1.jar;C:\Users\chien\.m2\repository\org\slf4j\jcl-over-slf4j\2.0.16\jcl-over-slf4j-2.0.16.jar;C:\Users\chien\.m2\repository\com\aventstack\extentreports\5.0.9\extentreports-5.0.9.jar;C:\Users\chien\.m2\repository\io\reactivex\rxjava3\rxjava\3.0.4\rxjava-3.0.4.jar;C:\Users\chien\.m2\repository\org\reactivestreams\reactive-streams\1.0.3\reactive-streams-1.0.3.jar;C:\Users\chien\.m2\repository\org\freemarker\freemarker\2.3.30\freemarker-2.3.30.jar;C:\Users\chien\.m2\repository\com\google\code\gson\gson\2.8.6\gson-2.8.6.jar;C:\Users\chien\.m2\repository\org\projectlombok\lombok\1.18.24\lombok-1.18.24.jar;C:\Users\chien\.m2\repository\org\seleniumhq\selenium\selenium-java\4.0.0\selenium-java-4.0.0.jar;C:\Users\chien\.m2\repository\org\seleniumhq\selenium\selenium-api\4.0.0\selenium-api-4.0.0.jar;C:\Users\chien\.m2\repository\org\seleniumhq\selenium\selenium-chrome-driver\4.0.0\selenium-chrome-driver-4.0.0.jar;C:\Users\chien\.m2\repository\com\google\auto\service\auto-service-annotations\1.0\auto-service-annotations-1.0.jar;C:\Users\chien\.m2\repository\com\google\auto\service\auto-service\1.0\auto-service-1.0.jar;C:\Users\chien\.m2\repository\com\google\auto\auto-common\1.0\auto-common-1.0.jar;C:\Users\chien\.m2\repository\com\google\guava\guava\31.0.1-jre\guava-31.0.1-jre.jar;C:\Users\chien\.m2\repository\com\google\guava\failureaccess\1.0.1\failureaccess-1.0.1.jar;C:\Users\chien\.m2\repository\com\google\guava\listenablefuture\9999.0-empty-to-avoid-conflict-with-guava\listenablefuture-9999.0-empty-to-avoid-conflict-with-guava.jar;C:\Users\chien\.m2\repository\com\google\code\findbugs\jsr305\3.0.2\jsr305-3.0.2.jar;C:\Users\chien\.m2\repository\org\checkerframework\checker-qual\3.12.0\checker-qual-3.12.0.jar;C:\Users\chien\.m2\repository\com\google\errorprone\error_prone_annotations\2.7.1\error_prone_annotations-2.7.1.jar;C:\Users\chien\.m2\repository\com\google\j2objc\j2objc-annotations\1.3\j2objc-annotations-1.3.jar;C:\Users\chien\.m2\repository\org\seleniumhq\selenium\selenium-chromium-driver\4.0.0\selenium-chromium-driver-4.0.0.jar;C:\Users\chien\.m2\repository\org\seleniumhq\selenium\selenium-json\4.0.0\selenium-json-4.0.0.jar;C:\Users\chien\.m2\repository\org\seleniumhq\selenium\selenium-devtools-v85\4.0.0\selenium-devtools-v85-4.0.0.jar;C:\Users\chien\.m2\repository\org\seleniumhq\selenium\selenium-devtools-v93\4.0.0\selenium-devtools-v93-4.0.0.jar;C:\Users\chien\.m2\repository\org\seleniumhq\selenium\selenium-devtools-v94\4.0.0\selenium-devtools-v94-4.0.0.jar;C:\Users\chien\.m2\repository\org\seleniumhq\selenium\selenium-devtools-v95\4.0.0\selenium-devtools-v95-4.0.0.jar;C:\Users\chien\.m2\repository\org\seleniumhq\selenium\selenium-edge-driver\4.0.0\selenium-edge-driver-4.0.0.jar;C:\Users\chien\.m2\repository\org\seleniumhq\selenium\selenium-firefox-driver\4.0.0\selenium-firefox-driver-4.0.0.jar;C:\Users\chien\.m2\repository\org\seleniumhq\selenium\selenium-firefox-xpi-driver\4.0.0\selenium-firefox-xpi-driver-4.0.0.jar;C:\Users\chien\.m2\repository\org\seleniumhq\selenium\selenium-ie-driver\4.0.0\selenium-ie-driver-4.0.0.jar;C:\Users\chien\.m2\repository\org\seleniumhq\selenium\selenium-opera-driver\4.0.0\selenium-opera-driver-4.0.0.jar;C:\Users\chien\.m2\repository\org\seleniumhq\selenium\selenium-remote-driver\4.0.0\selenium-remote-driver-4.0.0.jar;C:\Users\chien\.m2\repository\io\netty\netty-buffer\4.1.68.Final\netty-buffer-4.1.68.Final.jar;C:\Users\chien\.m2\repository\io\netty\netty-codec-http\4.1.67.Final\netty-codec-http-4.1.67.Final.jar;C:\Users\chien\.m2\repository\io\netty\netty-codec\4.1.67.Final\netty-codec-4.1.67.Final.jar;C:\Users\chien\.m2\repository\io\netty\netty-handler\4.1.67.Final\netty-handler-4.1.67.Final.jar;C:\Users\chien\.m2\repository\io\netty\netty-common\4.1.68.Final\netty-common-4.1.68.Final.jar;C:\Users\chien\.m2\repository\io\netty\netty-transport-native-epoll\4.1.67.Final\netty-transport-native-epoll-4.1.67.Final.jar;C:\Users\chien\.m2\repository\io\netty\netty-transport-native-kqueue\4.1.67.Final\netty-transport-native-kqueue-4.1.67.Final.jar;C:\Users\chien\.m2\repository\io\netty\netty-transport-native-unix-common\4.1.67.Final\netty-transport-native-unix-common-4.1.67.Final.jar;C:\Users\chien\.m2\repository\io\netty\netty-transport\4.1.68.Final\netty-transport-4.1.68.Final.jar;C:\Users\chien\.m2\repository\io\netty\netty-resolver\4.1.68.Final\netty-resolver-4.1.68.Final.jar;C:\Users\chien\.m2\repository\io\opentelemetry\opentelemetry-api\1.6.0\opentelemetry-api-1.6.0.jar;C:\Users\chien\.m2\repository\io\opentelemetry\opentelemetry-context\1.6.0\opentelemetry-context-1.6.0.jar;C:\Users\chien\.m2\repository\io\opentelemetry\opentelemetry-exporter-logging\1.6.0\opentelemetry-exporter-logging-1.6.0.jar;C:\Users\chien\.m2\repository\io\opentelemetry\opentelemetry-sdk-metrics\1.6.0-alpha\opentelemetry-sdk-metrics-1.6.0-alpha.jar;C:\Users\chien\.m2\repository\io\opentelemetry\opentelemetry-sdk-common\1.6.0\opentelemetry-sdk-common-1.6.0.jar;C:\Users\chien\.m2\repository\io\opentelemetry\opentelemetry-sdk-extension-autoconfigure-spi\1.6.0\opentelemetry-sdk-extension-autoconfigure-spi-1.6.0.jar;C:\Users\chien\.m2\repository\io\opentelemetry\opentelemetry-sdk-extension-autoconfigure\1.6.0-alpha\opentelemetry-sdk-extension-autoconfigure-1.6.0-alpha.jar;C:\Users\chien\.m2\repository\io\opentelemetry\opentelemetry-sdk-trace\1.6.0\opentelemetry-sdk-trace-1.6.0.jar;C:\Users\chien\.m2\repository\io\opentelemetry\opentelemetry-api-metrics\1.6.0-alpha\opentelemetry-api-metrics-1.6.0-alpha.jar;C:\Users\chien\.m2\repository\io\opentelemetry\opentelemetry-sdk\1.6.0\opentelemetry-sdk-1.6.0.jar;C:\Users\chien\.m2\repository\io\opentelemetry\opentelemetry-semconv\1.6.0-alpha\opentelemetry-semconv-1.6.0-alpha.jar;C:\Users\chien\.m2\repository\io\ous\jtoml\2.0.0\jtoml-2.0.0.jar;C:\Users\chien\.m2\repository\net\bytebuddy\byte-buddy\1.11.19\byte-buddy-1.11.19.jar;C:\Users\chien\.m2\repository\org\apache\commons\commons-exec\1.3\commons-exec-1.3.jar;C:\Users\chien\.m2\repository\org\asynchttpclient\async-http-client\2.12.3\async-http-client-2.12.3.jar;C:\Users\chien\.m2\repository\org\asynchttpclient\async-http-client-netty-utils\2.12.3\async-http-client-netty-utils-2.12.3.jar;C:\Users\chien\.m2\repository\io\netty\netty-codec-socks\4.1.60.Final\netty-codec-socks-4.1.60.Final.jar;C:\Users\chien\.m2\repository\io\netty\netty-handler-proxy\4.1.60.Final\netty-handler-proxy-4.1.60.Final.jar;C:\Users\chien\.m2\repository\io\netty\netty-transport-native-epoll\4.1.60.Final\netty-transport-native-epoll-4.1.60.Final-linux-x86_64.jar;C:\Users\chien\.m2\repository\io\netty\netty-transport-native-kqueue\4.1.60.Final\netty-transport-native-kqueue-4.1.60.Final-osx-x86_64.jar;C:\Users\chien\.m2\repository\com\typesafe\netty\netty-reactive-streams\2.0.4\netty-reactive-streams-2.0.4.jar;C:\Users\chien\.m2\repository\com\sun\activation\jakarta.activation\1.2.2\jakarta.activation-1.2.2.jar;C:\Users\chien\.m2\repository\org\seleniumhq\selenium\selenium-http\4.0.0\selenium-http-4.0.0.jar;C:\Users\chien\.m2\repository\org\seleniumhq\selenium\selenium-safari-driver\4.0.0\selenium-safari-driver-4.0.0.jar;C:\Users\chien\.m2\repository\org\seleniumhq\selenium\selenium-support\4.0.0\selenium-support-4.0.0.jar;C:\Users\chien\.m2\repository\org\junit\jupiter\junit-jupiter-api\5.7.0\junit-jupiter-api-5.7.0.jar;C:\Users\chien\.m2\repository\org\opentest4j\opentest4j\1.2.0\opentest4j-1.2.0.jar;C:\Users\chien\.m2\repository\org\junit\platform\junit-platform-commons\1.7.0\junit-platform-commons-1.7.0.jar;C:\Users\chien\.m2\repository\org\junit\jupiter\junit-jupiter-engine\5.7.0\junit-jupiter-engine-5.7.0.jar;C:\Users\chien\.m2\repository\org\junit\platform\junit-platform-engine\1.7.0\junit-platform-engine-1.7.0.jar;C:\Users\chien\.m2\repository\io\cucumber\cucumber-plugin\7.1.0\cucumber-plugin-7.1.0.jar;C:\Users\chien\.m2\repository\io\cucumber\cucumber-core\7.1.0\cucumber-core-7.1.0.jar;C:\Users\chien\.m2\repository\io\cucumber\cucumber-gherkin-messages\7.1.0\cucumber-gherkin-messages-7.1.0.jar;C:\Users\chien\.m2\repository\io\cucumber\tag-expressions\4.1.0\tag-expressions-4.1.0.jar;C:\Users\chien\.m2\repository\io\cucumber\cucumber-expressions\13.0.1\cucumber-expressions-13.0.1.jar;C:\Users\chien\.m2\repository\io\cucumber\datatable\7.1.0\datatable-7.1.0.jar;C:\Users\chien\.m2\repository\io\cucumber\docstring\7.1.0\docstring-7.1.0.jar;C:\Users\chien\.m2\repository\io\cucumber\html-formatter\17.0.0\html-formatter-17.0.0.jar;C:\Users\chien\.m2\repository\io\cucumber\create-meta\6.0.4\create-meta-6.0.4.jar;C:\Users\chien\.m2\repository\org\apache\maven\surefire\surefire-testng-utils\2.22.0\surefire-testng-utils-2.22.0.jar;C:\Users\chien\.m2\repository\org\apache\maven\surefire\surefire-grouper\2.22.0\surefire-grouper-2.22.0.jar;"/>
    <property name="java.vm.vendor" value="Oracle Corporation"/>
    <property name="sun.arch.data.model" value="64"/>
    <property name="user.variant" value=""/>
    <property name="java.vendor.url" value="https://java.oracle.com/"/>
    <property name="user.timezone" value="Asia/Shanghai"/>
    <property name="user.country.format" value="AT"/>
    <property name="property" value=""/>
    <property name="os.name" value="Windows 11"/>
    <property name="java.vm.specification.version" value="21"/>
    <property name="sun.java.launcher" value="SUN_STANDARD"/>
    <property name="user.country" value="US"/>
    <property name="sun.boot.library.path" value="C:\Program Files\Java\jdk-21\bin"/>
    <property name="sun.java.command" value="C:\Users\chien\AppData\Local\Temp\surefire15340066917476859237\surefirebooter14267054275077293565.jar C:\Users\chien\AppData\Local\Temp\surefire15340066917476859237 2025-02-13T14-30-11_368-jvmRun1 surefire8861390292327571283tmp surefire_013839295584936058743tmp"/>
    <property name="jdk.debug" value="release"/>
    <property name="surefire.test.class.path" value="D:\Java-Selenium\Work-Holiday-Pass\target\test-classes;D:\Java-Selenium\Work-Holiday-Pass\target\classes;C:\Users\chien\.m2\repository\org\apache\maven\maven-plugin-api\4.0.0-rc-2\maven-plugin-api-4.0.0-rc-2.jar;C:\Users\chien\.m2\repository\org\apache\maven\maven-api-xml\4.0.0-rc-2\maven-api-xml-4.0.0-rc-2.jar;C:\Users\chien\.m2\repository\org\apache\maven\maven-api-annotations\4.0.0-rc-2\maven-api-annotations-4.0.0-rc-2.jar;C:\Users\chien\.m2\repository\org\apache\maven\maven-api-plugin\4.0.0-rc-2\maven-api-plugin-4.0.0-rc-2.jar;C:\Users\chien\.m2\repository\org\apache\maven\maven-xml\4.0.0-rc-2\maven-xml-4.0.0-rc-2.jar;C:\Users\chien\.m2\repository\org\apache\maven\maven-model\4.0.0-rc-2\maven-model-4.0.0-rc-2.jar;C:\Users\chien\.m2\repository\org\apache\maven\maven-api-model\4.0.0-rc-2\maven-api-model-4.0.0-rc-2.jar;C:\Users\chien\.m2\repository\org\apache\maven\maven-impl\4.0.0-rc-2\maven-impl-4.0.0-rc-2.jar;C:\Users\chien\.m2\repository\org\apache\maven\maven-api-core\4.0.0-rc-2\maven-api-core-4.0.0-rc-2.jar;C:\Users\chien\.m2\repository\org\apache\maven\maven-api-spi\4.0.0-rc-2\maven-api-spi-4.0.0-rc-2.jar;C:\Users\chien\.m2\repository\org\apache\maven\maven-api-metadata\4.0.0-rc-2\maven-api-metadata-4.0.0-rc-2.jar;C:\Users\chien\.m2\repository\org\apache\maven\maven-api-toolchain\4.0.0-rc-2\maven-api-toolchain-4.0.0-rc-2.jar;C:\Users\chien\.m2\repository\org\apache\maven\maven-api-di\4.0.0-rc-2\maven-api-di-4.0.0-rc-2.jar;C:\Users\chien\.m2\repository\org\apache\maven\maven-api-settings\4.0.0-rc-2\maven-api-settings-4.0.0-rc-2.jar;C:\Users\chien\.m2\repository\org\apache\maven\maven-di\4.0.0-rc-2\maven-di-4.0.0-rc-2.jar;C:\Users\chien\.m2\repository\org\apache\maven\resolver\maven-resolver-spi\2.0.5\maven-resolver-spi-2.0.5.jar;C:\Users\chien\.m2\repository\org\apache\maven\resolver\maven-resolver-util\2.0.5\maven-resolver-util-2.0.5.jar;C:\Users\chien\.m2\repository\org\apache\maven\resolver\maven-resolver-impl\2.0.5\maven-resolver-impl-2.0.5.jar;C:\Users\chien\.m2\repository\org\apache\maven\resolver\maven-resolver-named-locks\2.0.5\maven-resolver-named-locks-2.0.5.jar;C:\Users\chien\.m2\repository\org\codehaus\plexus\plexus-sec-dispatcher\4.0.3\plexus-sec-dispatcher-4.0.3.jar;C:\Users\chien\.m2\repository\org\codehaus\plexus\plexus-xml\4.0.4\plexus-xml-4.0.4.jar;C:\Users\chien\.m2\repository\org\apache\maven\maven-xml-impl\4.0.0-alpha-9\maven-xml-impl-4.0.0-alpha-9.jar;C:\Users\chien\.m2\repository\org\apache\maven\maven-artifact\4.0.0-rc-2\maven-artifact-4.0.0-rc-2.jar;C:\Users\chien\.m2\repository\com\fasterxml\woodstox\woodstox-core\7.1.0\woodstox-core-7.1.0.jar;C:\Users\chien\.m2\repository\org\codehaus\woodstox\stax2-api\4.2.2\stax2-api-4.2.2.jar;C:\Users\chien\.m2\repository\org\eclipse\sisu\org.eclipse.sisu.plexus\0.9.0.M3\org.eclipse.sisu.plexus-0.9.0.M3.jar;C:\Users\chien\.m2\repository\org\codehaus\plexus\plexus-classworlds\2.8.0\plexus-classworlds-2.8.0.jar;C:\Users\chien\.m2\repository\org\apache\maven\resolver\maven-resolver-api\2.0.5\maven-resolver-api-2.0.5.jar;C:\Users\chien\.m2\repository\org\apache\maven\plugin-tools\maven-plugin-annotations\4.0.0-beta-1\maven-plugin-annotations-4.0.0-beta-1.jar;C:\Users\chien\.m2\repository\org\apache\commons\commons-collections4\4.5.0-M3\commons-collections4-4.5.0-M3.jar;C:\Users\chien\.m2\repository\org\codehaus\plexus\plexus-utils\4.0.2\plexus-utils-4.0.2.jar;C:\Users\chien\.m2\repository\org\hamcrest\hamcrest-all\1.3\hamcrest-all-1.3.jar;C:\Users\chien\.m2\repository\io\qameta\allure\allure-java-commons\2.29.1\allure-java-commons-2.29.1.jar;C:\Users\chien\.m2\repository\org\slf4j\slf4j-api\2.0.13\slf4j-api-2.0.13.jar;C:\Users\chien\.m2\repository\io\qameta\allure\allure-model\2.29.1\allure-model-2.29.1.jar;C:\Users\chien\.m2\repository\io\qameta\allure\allure-cucumber7-jvm\2.29.1\allure-cucumber7-jvm-2.29.1.jar;C:\Users\chien\.m2\repository\io\cucumber\gherkin\21.0.0\gherkin-21.0.0.jar;C:\Users\chien\.m2\repository\io\cucumber\messages\17.1.1\messages-17.1.1.jar;C:\Users\chien\.m2\repository\io\cucumber\cucumber-gherkin\7.1.0\cucumber-gherkin-7.1.0.jar;C:\Users\chien\.m2\repository\io\cucumber\cucumber-junit\7.1.0\cucumber-junit-7.1.0.jar;C:\Users\chien\.m2\repository\org\apiguardian\apiguardian-api\1.1.2\apiguardian-api-1.1.2.jar;C:\Users\chien\.m2\repository\junit\junit\4.13.2\junit-4.13.2.jar;C:\Users\chien\.m2\repository\org\hamcrest\hamcrest-core\1.3\hamcrest-core-1.3.jar;C:\Users\chien\.m2\repository\io\cucumber\cucumber-java\7.1.0\cucumber-java-7.1.0.jar;C:\Users\chien\.m2\repository\io\cucumber\cucumber-testng\7.1.0\cucumber-testng-7.1.0.jar;C:\Users\chien\.m2\repository\org\testng\testng\7.7.0\testng-7.7.0.jar;C:\Users\chien\.m2\repository\com\beust\jcommander\1.82\jcommander-1.82.jar;C:\Users\chien\.m2\repository\org\webjars\jquery\3.6.1\jquery-3.6.1.jar;C:\Users\chien\.m2\repository\net\masterthought\maven-cucumber-reporting\5.8.5\maven-cucumber-reporting-5.8.5.jar;C:\Users\chien\.m2\repository\net\masterthought\cucumber-reporting\5.8.4\cucumber-reporting-5.8.4.jar;C:\Users\chien\.m2\repository\com\fasterxml\jackson\core\jackson-databind\2.18.1\jackson-databind-2.18.1.jar;C:\Users\chien\.m2\repository\com\fasterxml\jackson\core\jackson-annotations\2.18.1\jackson-annotations-2.18.1.jar;C:\Users\chien\.m2\repository\com\fasterxml\jackson\core\jackson-core\2.18.1\jackson-core-2.18.1.jar;C:\Users\chien\.m2\repository\com\fasterxml\jackson\datatype\jackson-datatype-jsr310\2.18.1\jackson-datatype-jsr310-2.18.1.jar;C:\Users\chien\.m2\repository\org\apache\velocity\velocity-engine-core\2.4.1\velocity-engine-core-2.4.1.jar;C:\Users\chien\.m2\repository\joda-time\joda-time\2.13.0\joda-time-2.13.0.jar;C:\Users\chien\.m2\repository\org\apache\commons\commons-configuration2\2.11.0\commons-configuration2-2.11.0.jar;C:\Users\chien\.m2\repository\org\apache\commons\commons-lang3\3.17.0\commons-lang3-3.17.0.jar;C:\Users\chien\.m2\repository\commons-io\commons-io\2.17.0\commons-io-2.17.0.jar;C:\Users\chien\.m2\repository\org\apache\commons\commons-text\1.12.0\commons-text-1.12.0.jar;C:\Users\chien\.m2\repository\org\jsoup\jsoup\1.18.1\jsoup-1.18.1.jar;C:\Users\chien\.m2\repository\com\googlecode\owasp-java-html-sanitizer\owasp-java-html-sanitizer\20240325.1\owasp-java-html-sanitizer-20240325.1.jar;C:\Users\chien\.m2\repository\com\googlecode\owasp-java-html-sanitizer\java8-shim\20240325.1\java8-shim-20240325.1.jar;C:\Users\chien\.m2\repository\com\googlecode\owasp-java-html-sanitizer\java10-shim\20240325.1\java10-shim-20240325.1.jar;C:\Users\chien\.m2\repository\org\slf4j\jcl-over-slf4j\2.0.16\jcl-over-slf4j-2.0.16.jar;C:\Users\chien\.m2\repository\com\aventstack\extentreports\5.0.9\extentreports-5.0.9.jar;C:\Users\chien\.m2\repository\io\reactivex\rxjava3\rxjava\3.0.4\rxjava-3.0.4.jar;C:\Users\chien\.m2\repository\org\reactivestreams\reactive-streams\1.0.3\reactive-streams-1.0.3.jar;C:\Users\chien\.m2\repository\org\freemarker\freemarker\2.3.30\freemarker-2.3.30.jar;C:\Users\chien\.m2\repository\com\google\code\gson\gson\2.8.6\gson-2.8.6.jar;C:\Users\chien\.m2\repository\org\projectlombok\lombok\1.18.24\lombok-1.18.24.jar;C:\Users\chien\.m2\repository\org\seleniumhq\selenium\selenium-java\4.0.0\selenium-java-4.0.0.jar;C:\Users\chien\.m2\repository\org\seleniumhq\selenium\selenium-api\4.0.0\selenium-api-4.0.0.jar;C:\Users\chien\.m2\repository\org\seleniumhq\selenium\selenium-chrome-driver\4.0.0\selenium-chrome-driver-4.0.0.jar;C:\Users\chien\.m2\repository\com\google\auto\service\auto-service-annotations\1.0\auto-service-annotations-1.0.jar;C:\Users\chien\.m2\repository\com\google\auto\service\auto-service\1.0\auto-service-1.0.jar;C:\Users\chien\.m2\repository\com\google\auto\auto-common\1.0\auto-common-1.0.jar;C:\Users\chien\.m2\repository\com\google\guava\guava\31.0.1-jre\guava-31.0.1-jre.jar;C:\Users\chien\.m2\repository\com\google\guava\failureaccess\1.0.1\failureaccess-1.0.1.jar;C:\Users\chien\.m2\repository\com\google\guava\listenablefuture\9999.0-empty-to-avoid-conflict-with-guava\listenablefuture-9999.0-empty-to-avoid-conflict-with-guava.jar;C:\Users\chien\.m2\repository\com\google\code\findbugs\jsr305\3.0.2\jsr305-3.0.2.jar;C:\Users\chien\.m2\repository\org\checkerframework\checker-qual\3.12.0\checker-qual-3.12.0.jar;C:\Users\chien\.m2\repository\com\google\errorprone\error_prone_annotations\2.7.1\error_prone_annotations-2.7.1.jar;C:\Users\chien\.m2\repository\com\google\j2objc\j2objc-annotations\1.3\j2objc-annotations-1.3.jar;C:\Users\chien\.m2\repository\org\seleniumhq\selenium\selenium-chromium-driver\4.0.0\selenium-chromium-driver-4.0.0.jar;C:\Users\chien\.m2\repository\org\seleniumhq\selenium\selenium-json\4.0.0\selenium-json-4.0.0.jar;C:\Users\chien\.m2\repository\org\seleniumhq\selenium\selenium-devtools-v85\4.0.0\selenium-devtools-v85-4.0.0.jar;C:\Users\chien\.m2\repository\org\seleniumhq\selenium\selenium-devtools-v93\4.0.0\selenium-devtools-v93-4.0.0.jar;C:\Users\chien\.m2\repository\org\seleniumhq\selenium\selenium-devtools-v94\4.0.0\selenium-devtools-v94-4.0.0.jar;C:\Users\chien\.m2\repository\org\seleniumhq\selenium\selenium-devtools-v95\4.0.0\selenium-devtools-v95-4.0.0.jar;C:\Users\chien\.m2\repository\org\seleniumhq\selenium\selenium-edge-driver\4.0.0\selenium-edge-driver-4.0.0.jar;C:\Users\chien\.m2\repository\org\seleniumhq\selenium\selenium-firefox-driver\4.0.0\selenium-firefox-driver-4.0.0.jar;C:\Users\chien\.m2\repository\org\seleniumhq\selenium\selenium-firefox-xpi-driver\4.0.0\selenium-firefox-xpi-driver-4.0.0.jar;C:\Users\chien\.m2\repository\org\seleniumhq\selenium\selenium-ie-driver\4.0.0\selenium-ie-driver-4.0.0.jar;C:\Users\chien\.m2\repository\org\seleniumhq\selenium\selenium-opera-driver\4.0.0\selenium-opera-driver-4.0.0.jar;C:\Users\chien\.m2\repository\org\seleniumhq\selenium\selenium-remote-driver\4.0.0\selenium-remote-driver-4.0.0.jar;C:\Users\chien\.m2\repository\io\netty\netty-buffer\4.1.68.Final\netty-buffer-4.1.68.Final.jar;C:\Users\chien\.m2\repository\io\netty\netty-codec-http\4.1.67.Final\netty-codec-http-4.1.67.Final.jar;C:\Users\chien\.m2\repository\io\netty\netty-codec\4.1.67.Final\netty-codec-4.1.67.Final.jar;C:\Users\chien\.m2\repository\io\netty\netty-handler\4.1.67.Final\netty-handler-4.1.67.Final.jar;C:\Users\chien\.m2\repository\io\netty\netty-common\4.1.68.Final\netty-common-4.1.68.Final.jar;C:\Users\chien\.m2\repository\io\netty\netty-transport-native-epoll\4.1.67.Final\netty-transport-native-epoll-4.1.67.Final.jar;C:\Users\chien\.m2\repository\io\netty\netty-transport-native-kqueue\4.1.67.Final\netty-transport-native-kqueue-4.1.67.Final.jar;C:\Users\chien\.m2\repository\io\netty\netty-transport-native-unix-common\4.1.67.Final\netty-transport-native-unix-common-4.1.67.Final.jar;C:\Users\chien\.m2\repository\io\netty\netty-transport\4.1.68.Final\netty-transport-4.1.68.Final.jar;C:\Users\chien\.m2\repository\io\netty\netty-resolver\4.1.68.Final\netty-resolver-4.1.68.Final.jar;C:\Users\chien\.m2\repository\io\opentelemetry\opentelemetry-api\1.6.0\opentelemetry-api-1.6.0.jar;C:\Users\chien\.m2\repository\io\opentelemetry\opentelemetry-context\1.6.0\opentelemetry-context-1.6.0.jar;C:\Users\chien\.m2\repository\io\opentelemetry\opentelemetry-exporter-logging\1.6.0\opentelemetry-exporter-logging-1.6.0.jar;C:\Users\chien\.m2\repository\io\opentelemetry\opentelemetry-sdk-metrics\1.6.0-alpha\opentelemetry-sdk-metrics-1.6.0-alpha.jar;C:\Users\chien\.m2\repository\io\opentelemetry\opentelemetry-sdk-common\1.6.0\opentelemetry-sdk-common-1.6.0.jar;C:\Users\chien\.m2\repository\io\opentelemetry\opentelemetry-sdk-extension-autoconfigure-spi\1.6.0\opentelemetry-sdk-extension-autoconfigure-spi-1.6.0.jar;C:\Users\chien\.m2\repository\io\opentelemetry\opentelemetry-sdk-extension-autoconfigure\1.6.0-alpha\opentelemetry-sdk-extension-autoconfigure-1.6.0-alpha.jar;C:\Users\chien\.m2\repository\io\opentelemetry\opentelemetry-sdk-trace\1.6.0\opentelemetry-sdk-trace-1.6.0.jar;C:\Users\chien\.m2\repository\io\opentelemetry\opentelemetry-api-metrics\1.6.0-alpha\opentelemetry-api-metrics-1.6.0-alpha.jar;C:\Users\chien\.m2\repository\io\opentelemetry\opentelemetry-sdk\1.6.0\opentelemetry-sdk-1.6.0.jar;C:\Users\chien\.m2\repository\io\opentelemetry\opentelemetry-semconv\1.6.0-alpha\opentelemetry-semconv-1.6.0-alpha.jar;C:\Users\chien\.m2\repository\io\ous\jtoml\2.0.0\jtoml-2.0.0.jar;C:\Users\chien\.m2\repository\net\bytebuddy\byte-buddy\1.11.19\byte-buddy-1.11.19.jar;C:\Users\chien\.m2\repository\org\apache\commons\commons-exec\1.3\commons-exec-1.3.jar;C:\Users\chien\.m2\repository\org\asynchttpclient\async-http-client\2.12.3\async-http-client-2.12.3.jar;C:\Users\chien\.m2\repository\org\asynchttpclient\async-http-client-netty-utils\2.12.3\async-http-client-netty-utils-2.12.3.jar;C:\Users\chien\.m2\repository\io\netty\netty-codec-socks\4.1.60.Final\netty-codec-socks-4.1.60.Final.jar;C:\Users\chien\.m2\repository\io\netty\netty-handler-proxy\4.1.60.Final\netty-handler-proxy-4.1.60.Final.jar;C:\Users\chien\.m2\repository\io\netty\netty-transport-native-epoll\4.1.60.Final\netty-transport-native-epoll-4.1.60.Final-linux-x86_64.jar;C:\Users\chien\.m2\repository\io\netty\netty-transport-native-kqueue\4.1.60.Final\netty-transport-native-kqueue-4.1.60.Final-osx-x86_64.jar;C:\Users\chien\.m2\repository\com\typesafe\netty\netty-reactive-streams\2.0.4\netty-reactive-streams-2.0.4.jar;C:\Users\chien\.m2\repository\com\sun\activation\jakarta.activation\1.2.2\jakarta.activation-1.2.2.jar;C:\Users\chien\.m2\repository\org\seleniumhq\selenium\selenium-http\4.0.0\selenium-http-4.0.0.jar;C:\Users\chien\.m2\repository\org\seleniumhq\selenium\selenium-safari-driver\4.0.0\selenium-safari-driver-4.0.0.jar;C:\Users\chien\.m2\repository\org\seleniumhq\selenium\selenium-support\4.0.0\selenium-support-4.0.0.jar;C:\Users\chien\.m2\repository\org\junit\jupiter\junit-jupiter-api\5.7.0\junit-jupiter-api-5.7.0.jar;C:\Users\chien\.m2\repository\org\opentest4j\opentest4j\1.2.0\opentest4j-1.2.0.jar;C:\Users\chien\.m2\repository\org\junit\platform\junit-platform-commons\1.7.0\junit-platform-commons-1.7.0.jar;C:\Users\chien\.m2\repository\org\junit\jupiter\junit-jupiter-engine\5.7.0\junit-jupiter-engine-5.7.0.jar;C:\Users\chien\.m2\repository\org\junit\platform\junit-platform-engine\1.7.0\junit-platform-engine-1.7.0.jar;C:\Users\chien\.m2\repository\io\cucumber\cucumber-plugin\7.1.0\cucumber-plugin-7.1.0.jar;C:\Users\chien\.m2\repository\io\cucumber\cucumber-core\7.1.0\cucumber-core-7.1.0.jar;C:\Users\chien\.m2\repository\io\cucumber\cucumber-gherkin-messages\7.1.0\cucumber-gherkin-messages-7.1.0.jar;C:\Users\chien\.m2\repository\io\cucumber\tag-expressions\4.1.0\tag-expressions-4.1.0.jar;C:\Users\chien\.m2\repository\io\cucumber\cucumber-expressions\13.0.1\cucumber-expressions-13.0.1.jar;C:\Users\chien\.m2\repository\io\cucumber\datatable\7.1.0\datatable-7.1.0.jar;C:\Users\chien\.m2\repository\io\cucumber\docstring\7.1.0\docstring-7.1.0.jar;C:\Users\chien\.m2\repository\io\cucumber\html-formatter\17.0.0\html-formatter-17.0.0.jar;C:\Users\chien\.m2\repository\io\cucumber\create-meta\6.0.4\create-meta-6.0.4.jar;C:\Users\chien\.m2\repository\org\apache\maven\surefire\surefire-testng-utils\2.22.0\surefire-testng-utils-2.22.0.jar;C:\Users\chien\.m2\repository\org\apache\maven\surefire\surefire-grouper\2.22.0\surefire-grouper-2.22.0.jar;"/>
    <property name="sun.cpu.endian" value="little"/>
    <property name="user.home" value="C:\Users\chien"/>
    <property name="user.language" value="en"/>
    <property name="java.specification.vendor" value="Oracle Corporation"/>
    <property name="java.version.date" value="2024-07-16"/>
    <property name="java.home" value="C:\Program Files\Java\jdk-21"/>
    <property name="file.separator" value="\"/>
    <property name="basedir" value="D:\Java-Selenium\Work-Holiday-Pass"/>
    <property name="java.vm.compressedOopsMode" value="Zero based"/>
    <property name="line.separator" value="&#10;"/>
    <property name="java.vm.specification.vendor" value="Oracle Corporation"/>
    <property name="java.specification.name" value="Java Platform API Specification"/>
    <property name="surefire.real.class.path" value="C:\Users\chien\AppData\Local\Temp\surefire15340066917476859237\surefirebooter14267054275077293565.jar"/>
    <property name="user.script" value=""/>
    <property name="sun.management.compiler" value="HotSpot 64-Bit Tiered Compilers"/>
    <property name="java.runtime.version" value="21.0.4+8-LTS-274"/>
    <property name="user.name" value="chien"/>
    <property name="stdout.encoding" value="Cp1252"/>
    <property name="path.separator" value=";"/>
    <property name="os.version" value="10.0"/>
    <property name="java.runtime.name" value="Java(TM) SE Runtime Environment"/>
    <property name="file.encoding" value="UTF-8"/>
    <property name="java.vm.name" value="Java HotSpot(TM) 64-Bit Server VM"/>
    <property name="localRepository" value="C:\Users\chien\.m2\repository"/>
    <property name="java.vendor.url.bug" value="https://bugreport.java.com/bugreport/"/>
    <property name="java.io.tmpdir" value="C:\Users\chien\AppData\Local\Temp\"/>
    <property name="java.version" value="21.0.4"/>
    <property name="user.dir" value="D:\Java-Selenium\Work-Holiday-Pass"/>
    <property name="os.arch" value="amd64"/>
    <property name="java.vm.specification.name" value="Java Virtual Machine Specification"/>
    <property name="sun.os.patch.level" value=""/>
    <property name="native.encoding" value="Cp1252"/>
    <property name="java.library.path" value="C:\Program Files\Java\jdk-21\bin;C:\Windows\Sun\Java\bin;C:\Windows\system32;C:\Windows;C:\Program Files\Common Files\Oracle\Java\javapath;C:\Program Files (x86)\Common Files\Oracle\Java\java8path;C:\Program Files (x86)\Common Files\Oracle\Java\javapath;C:\Windows\System32\HWAudioDriver;C:\Windows\system32;C:\Windows;C:\Windows\System32\Wbem;C:\Windows\System32\WindowsPowerShell\v1.0\;C:\Windows\System32\OpenSSH\;C:\Users\Administrator\AppData\Local\Microsoft\WindowsApps;D:\python\Scripts\;D:\python\;C:\Program Files (x86)\Windows Kits\10\Windows Performance Toolkit\;C:\Program Files\dotnet\;D:\Program Files\nodejs\;D:\apache-maven-3.9.9\bin;D:\jython\bin;D:\jython;C:\Users\chien\AppData\Roaming\npm\;C:\Users\chien\scoop\shims;C:\Users\chien\AppData\Local\Microsoft\WindowsApps;C:\Users\chien\AppData\Local\GitHubDesktop\bin;C:\Users\chien\AppData\Roaming\npm;D:\Programs\Microsoft VS Code\bin;C:\Users\chien\AppData\Local\Programs\Ollama;D:\IntelliJ IDEA Community Edition 2024.3.2.2\bin;;."/>
    <property name="java.vm.info" value="mixed mode, sharing"/>
    <property name="stderr.encoding" value="Cp1252"/>
    <property name="java.vendor" value="Oracle Corporation"/>
    <property name="java.vm.version" value="21.0.4+8-LTS-274"/>
    <property name="sun.io.unicode.encoding" value="UnicodeLittle"/>
    <property name="java.class.version" value="65.0"/>
  </properties>
</testsuite>